2025/04/13 20:37:12 [notice] 1#1: using the "epoll" event method
2025/04/13 20:37:12 [notice] 1#1: nginx/1.27.4
2025/04/13 20:37:12 [notice] 1#1: built by gcc 12.2.0 (Debian 12.2.0-14) 
2025/04/13 20:37:12 [notice] 1#1: OS: Linux 6.8.0-57-generic
2025/04/13 20:37:12 [notice] 1#1: getrlimit(RLIMIT_NOFILE): 1048576:1048576
2025/04/13 20:37:12 [notice] 1#1: start worker processes
2025/04/13 20:37:12 [notice] 1#1: start worker process 27
2025/04/13 20:37:12 [notice] 1#1: start worker process 28
2025/04/13 20:37:12 [notice] 1#1: start worker process 29
2025/04/13 20:37:12 [notice] 1#1: start worker process 30
2025/04/13 20:37:16 [notice] 1#1: signal 3 (SIGQUIT) received, shutting down
2025/04/13 20:37:16 [notice] 27#27: gracefully shutting down
2025/04/13 20:37:16 [notice] 27#27: exiting
2025/04/13 20:37:16 [notice] 28#28: gracefully shutting down
2025/04/13 20:37:16 [notice] 28#28: exiting
2025/04/13 20:37:16 [notice] 29#29: gracefully shutting down
2025/04/13 20:37:16 [notice] 27#27: exit
2025/04/13 20:37:16 [notice] 29#29: exiting
2025/04/13 20:37:16 [notice] 28#28: exit
2025/04/13 20:37:16 [notice] 29#29: exit
2025/04/13 20:37:16 [notice] 30#30: gracefully shutting down
2025/04/13 20:37:16 [notice] 30#30: exiting
2025/04/13 20:37:16 [notice] 30#30: exit
2025/04/13 20:37:16 [notice] 1#1: signal 17 (SIGCHLD) received from 29
2025/04/13 20:37:16 [notice] 1#1: worker process 29 exited with code 0
2025/04/13 20:37:16 [notice] 1#1: signal 29 (SIGIO) received
2025/04/13 20:37:16 [notice] 1#1: signal 17 (SIGCHLD) received from 28
2025/04/13 20:37:16 [notice] 1#1: worker process 28 exited with code 0
2025/04/13 20:37:16 [notice] 1#1: signal 29 (SIGIO) received
2025/04/13 20:37:16 [notice] 1#1: signal 17 (SIGCHLD) received from 30
2025/04/13 20:37:16 [notice] 1#1: worker process 30 exited with code 0
2025/04/13 20:37:16 [notice] 1#1: signal 29 (SIGIO) received
2025/04/13 20:37:16 [notice] 1#1: signal 17 (SIGCHLD) received from 27
2025/04/13 20:37:16 [notice] 1#1: worker process 27 exited with code 0
2025/04/13 20:37:16 [notice] 1#1: exit
2025/04/13 20:37:29 [notice] 1#1: using the "epoll" event method
2025/04/13 20:37:29 [notice] 1#1: nginx/1.27.4
2025/04/13 20:37:29 [notice] 1#1: built by gcc 12.2.0 (Debian 12.2.0-14) 
2025/04/13 20:37:29 [notice] 1#1: OS: Linux 6.8.0-57-generic
2025/04/13 20:37:29 [notice] 1#1: getrlimit(RLIMIT_NOFILE): 1048576:1048576
2025/04/13 20:37:29 [notice] 1#1: start worker processes
2025/04/13 20:37:29 [notice] 1#1: start worker process 28
2025/04/13 20:37:29 [notice] 1#1: start worker process 29
2025/04/13 20:37:29 [notice] 1#1: start worker process 30
2025/04/13 20:37:29 [notice] 1#1: start worker process 31
2025/04/13 20:47:48 [notice] 1#1: signal 3 (SIGQUIT) received, shutting down
2025/04/13 20:47:48 [notice] 29#29: gracefully shutting down
2025/04/13 20:47:48 [notice] 28#28: gracefully shutting down
2025/04/13 20:47:48 [notice] 29#29: exiting
2025/04/13 20:47:48 [notice] 30#30: gracefully shutting down
2025/04/13 20:47:48 [notice] 28#28: exiting
2025/04/13 20:47:48 [notice] 30#30: exiting
2025/04/13 20:47:48 [notice] 29#29: exit
2025/04/13 20:47:48 [notice] 28#28: exit
2025/04/13 20:47:48 [notice] 30#30: exit
2025/04/13 20:47:48 [notice] 31#31: gracefully shutting down
2025/04/13 20:47:48 [notice] 31#31: exiting
2025/04/13 20:47:48 [notice] 31#31: exit
2025/04/13 20:47:48 [notice] 1#1: signal 17 (SIGCHLD) received from 30
2025/04/13 20:47:48 [notice] 1#1: worker process 30 exited with code 0
2025/04/13 20:47:48 [notice] 1#1: signal 29 (SIGIO) received
2025/04/13 20:47:48 [notice] 1#1: signal 17 (SIGCHLD) received from 31
2025/04/13 20:47:48 [notice] 1#1: worker process 29 exited with code 0
2025/04/13 20:47:48 [notice] 1#1: worker process 31 exited with code 0
2025/04/13 20:47:48 [notice] 1#1: signal 29 (SIGIO) received
2025/04/13 20:47:48 [notice] 1#1: signal 17 (SIGCHLD) received from 28
2025/04/13 20:47:48 [notice] 1#1: worker process 28 exited with code 0
2025/04/13 20:47:48 [notice] 1#1: exit
2025/04/13 20:47:49 [notice] 1#1: using the "epoll" event method
2025/04/13 20:47:49 [notice] 1#1: nginx/1.27.4
2025/04/13 20:47:49 [notice] 1#1: built by gcc 12.2.0 (Debian 12.2.0-14) 
2025/04/13 20:47:49 [notice] 1#1: OS: Linux 6.8.0-57-generic
2025/04/13 20:47:49 [notice] 1#1: getrlimit(RLIMIT_NOFILE): 1048576:1048576
2025/04/13 20:47:49 [notice] 1#1: start worker processes
2025/04/13 20:47:49 [notice] 1#1: start worker process 28
2025/04/13 20:47:49 [notice] 1#1: start worker process 29
2025/04/13 20:47:49 [notice] 1#1: start worker process 30
2025/04/13 20:47:49 [notice] 1#1: start worker process 31
2025/04/13 20:47:50 [notice] 1#1: signal 3 (SIGQUIT) received, shutting down
2025/04/13 20:47:50 [notice] 28#28: gracefully shutting down
2025/04/13 20:47:50 [notice] 28#28: exiting
2025/04/13 20:47:50 [notice] 28#28: exit
2025/04/13 20:47:50 [notice] 29#29: gracefully shutting down
2025/04/13 20:47:50 [notice] 29#29: exiting
2025/04/13 20:47:50 [notice] 29#29: exit
2025/04/13 20:47:50 [notice] 30#30: gracefully shutting down
2025/04/13 20:47:50 [notice] 30#30: exiting
2025/04/13 20:47:50 [notice] 30#30: exit
2025/04/13 20:47:50 [notice] 31#31: gracefully shutting down
2025/04/13 20:47:50 [notice] 31#31: exiting
2025/04/13 20:47:50 [notice] 31#31: exit
2025/04/13 20:47:50 [notice] 1#1: signal 17 (SIGCHLD) received from 29
2025/04/13 20:47:50 [notice] 1#1: worker process 29 exited with code 0
2025/04/13 20:47:50 [notice] 1#1: signal 29 (SIGIO) received
2025/04/13 20:47:50 [notice] 1#1: signal 17 (SIGCHLD) received from 28
2025/04/13 20:47:50 [notice] 1#1: worker process 28 exited with code 0
2025/04/13 20:47:50 [notice] 1#1: signal 29 (SIGIO) received
2025/04/13 20:47:50 [notice] 1#1: signal 17 (SIGCHLD) received from 30
2025/04/13 20:47:50 [notice] 1#1: worker process 30 exited with code 0
2025/04/13 20:47:50 [notice] 1#1: signal 29 (SIGIO) received
2025/04/13 20:47:50 [notice] 1#1: signal 17 (SIGCHLD) received from 31
2025/04/13 20:47:50 [notice] 1#1: worker process 31 exited with code 0
2025/04/13 20:47:50 [notice] 1#1: exit
2025/04/13 20:47:55 [notice] 1#1: using the "epoll" event method
2025/04/13 20:47:55 [notice] 1#1: nginx/1.27.4
2025/04/13 20:47:55 [notice] 1#1: built by gcc 12.2.0 (Debian 12.2.0-14) 
2025/04/13 20:47:55 [notice] 1#1: OS: Linux 6.8.0-57-generic
2025/04/13 20:47:55 [notice] 1#1: getrlimit(RLIMIT_NOFILE): 1048576:1048576
2025/04/13 20:47:55 [notice] 1#1: start worker processes
2025/04/13 20:47:55 [notice] 1#1: start worker process 28
2025/04/13 20:47:55 [notice] 1#1: start worker process 29
2025/04/13 20:47:55 [notice] 1#1: start worker process 30
2025/04/13 20:47:55 [notice] 1#1: start worker process 31
2025/04/13 20:54:26 [notice] 1#1: signal 3 (SIGQUIT) received, shutting down
2025/04/13 20:54:26 [notice] 29#29: gracefully shutting down
2025/04/13 20:54:26 [notice] 29#29: exiting
2025/04/13 20:54:26 [notice] 28#28: gracefully shutting down
2025/04/13 20:54:26 [notice] 29#29: exit
2025/04/13 20:54:26 [notice] 28#28: exiting
2025/04/13 20:54:26 [notice] 28#28: exit
2025/04/13 20:54:26 [notice] 30#30: gracefully shutting down
2025/04/13 20:54:26 [notice] 30#30: exiting
2025/04/13 20:54:26 [notice] 30#30: exit
2025/04/13 20:54:26 [notice] 31#31: gracefully shutting down
2025/04/13 20:54:26 [notice] 31#31: exiting
2025/04/13 20:54:26 [notice] 31#31: exit
2025/04/13 20:54:26 [notice] 1#1: signal 17 (SIGCHLD) received from 28
2025/04/13 20:54:26 [notice] 1#1: worker process 28 exited with code 0
2025/04/13 20:54:26 [notice] 1#1: worker process 29 exited with code 0
2025/04/13 20:54:26 [notice] 1#1: worker process 30 exited with code 0
2025/04/13 20:54:26 [notice] 1#1: worker process 31 exited with code 0
2025/04/13 20:54:26 [notice] 1#1: exit
2025/04/13 20:54:26 [notice] 1#1: using the "epoll" event method
2025/04/13 20:54:26 [notice] 1#1: nginx/1.27.4
2025/04/13 20:54:26 [notice] 1#1: built by gcc 12.2.0 (Debian 12.2.0-14) 
2025/04/13 20:54:26 [notice] 1#1: OS: Linux 6.8.0-57-generic
2025/04/13 20:54:26 [notice] 1#1: getrlimit(RLIMIT_NOFILE): 1048576:1048576
2025/04/13 20:54:26 [notice] 1#1: start worker processes
2025/04/13 20:54:26 [notice] 1#1: start worker process 28
2025/04/13 20:54:26 [notice] 1#1: start worker process 29
2025/04/13 20:54:26 [notice] 1#1: start worker process 30
2025/04/13 20:54:26 [notice] 1#1: start worker process 31
2025/04/13 20:54:29 [notice] 1#1: signal 3 (SIGQUIT) received, shutting down
2025/04/13 20:54:29 [notice] 28#28: gracefully shutting down
2025/04/13 20:54:29 [notice] 29#29: gracefully shutting down
2025/04/13 20:54:29 [notice] 28#28: exiting
2025/04/13 20:54:29 [notice] 29#29: exiting
2025/04/13 20:54:29 [notice] 28#28: exit
2025/04/13 20:54:29 [notice] 29#29: exit
2025/04/13 20:54:29 [notice] 30#30: gracefully shutting down
2025/04/13 20:54:29 [notice] 30#30: exiting
2025/04/13 20:54:29 [notice] 30#30: exit
2025/04/13 20:54:29 [notice] 31#31: gracefully shutting down
2025/04/13 20:54:29 [notice] 31#31: exiting
2025/04/13 20:54:29 [notice] 31#31: exit
2025/04/13 20:54:29 [notice] 1#1: signal 17 (SIGCHLD) received from 28
2025/04/13 20:54:29 [notice] 1#1: worker process 28 exited with code 0
2025/04/13 20:54:29 [notice] 1#1: signal 29 (SIGIO) received
2025/04/13 20:54:29 [notice] 1#1: signal 17 (SIGCHLD) received from 29
2025/04/13 20:54:29 [notice] 1#1: worker process 29 exited with code 0
2025/04/13 20:54:29 [notice] 1#1: signal 29 (SIGIO) received
2025/04/13 20:54:29 [notice] 1#1: signal 17 (SIGCHLD) received from 30
2025/04/13 20:54:29 [notice] 1#1: worker process 30 exited with code 0
2025/04/13 20:54:29 [notice] 1#1: signal 29 (SIGIO) received
2025/04/13 20:54:29 [notice] 1#1: signal 17 (SIGCHLD) received from 31
2025/04/13 20:54:29 [notice] 1#1: worker process 31 exited with code 0
2025/04/13 20:54:29 [notice] 1#1: exit
2025/04/13 20:54:33 [notice] 1#1: using the "epoll" event method
2025/04/13 20:54:33 [notice] 1#1: nginx/1.27.4
2025/04/13 20:54:33 [notice] 1#1: built by gcc 12.2.0 (Debian 12.2.0-14) 
2025/04/13 20:54:33 [notice] 1#1: OS: Linux 6.8.0-57-generic
2025/04/13 20:54:33 [notice] 1#1: getrlimit(RLIMIT_NOFILE): 1048576:1048576
2025/04/13 20:54:33 [notice] 1#1: start worker processes
2025/04/13 20:54:33 [notice] 1#1: start worker process 28
2025/04/13 20:54:33 [notice] 1#1: start worker process 29
2025/04/13 20:54:33 [notice] 1#1: start worker process 30
2025/04/13 20:54:33 [notice] 1#1: start worker process 31
2025/04/13 21:07:29 [notice] 1#1: signal 3 (SIGQUIT) received, shutting down
2025/04/13 21:07:29 [notice] 28#28: gracefully shutting down
2025/04/13 21:07:29 [notice] 29#29: gracefully shutting down
2025/04/13 21:07:29 [notice] 28#28: exiting
2025/04/13 21:07:29 [notice] 29#29: exiting
2025/04/13 21:07:29 [notice] 28#28: exit
2025/04/13 21:07:29 [notice] 29#29: exit
2025/04/13 21:07:29 [notice] 31#31: gracefully shutting down
2025/04/13 21:07:29 [notice] 31#31: exiting
2025/04/13 21:07:29 [notice] 31#31: exit
2025/04/13 21:07:29 [notice] 30#30: gracefully shutting down
2025/04/13 21:07:29 [notice] 30#30: exiting
2025/04/13 21:07:29 [notice] 30#30: exit
2025/04/13 21:07:29 [notice] 1#1: signal 17 (SIGCHLD) received from 29
2025/04/13 21:07:29 [notice] 1#1: worker process 29 exited with code 0
2025/04/13 21:07:29 [notice] 1#1: signal 29 (SIGIO) received
2025/04/13 21:07:29 [notice] 1#1: signal 17 (SIGCHLD) received from 31
2025/04/13 21:07:29 [notice] 1#1: worker process 31 exited with code 0
2025/04/13 21:07:29 [notice] 1#1: signal 29 (SIGIO) received
2025/04/13 21:07:29 [notice] 1#1: signal 17 (SIGCHLD) received from 28
2025/04/13 21:07:29 [notice] 1#1: worker process 28 exited with code 0
2025/04/13 21:07:29 [notice] 1#1: signal 29 (SIGIO) received
2025/04/13 21:07:29 [notice] 1#1: signal 17 (SIGCHLD) received from 30
2025/04/13 21:07:29 [notice] 1#1: worker process 30 exited with code 0
2025/04/13 21:07:29 [notice] 1#1: exit
2025/04/13 21:07:29 [notice] 1#1: using the "epoll" event method
2025/04/13 21:07:29 [notice] 1#1: nginx/1.27.4
2025/04/13 21:07:29 [notice] 1#1: built by gcc 12.2.0 (Debian 12.2.0-14) 
2025/04/13 21:07:29 [notice] 1#1: OS: Linux 6.8.0-57-generic
2025/04/13 21:07:29 [notice] 1#1: getrlimit(RLIMIT_NOFILE): 1048576:1048576
2025/04/13 21:07:29 [notice] 1#1: start worker processes
2025/04/13 21:07:29 [notice] 1#1: start worker process 28
2025/04/13 21:07:29 [notice] 1#1: start worker process 29
2025/04/13 21:07:29 [notice] 1#1: start worker process 30
2025/04/13 21:07:29 [notice] 1#1: start worker process 31
2025/04/13 21:14:12 [notice] 1#1: signal 3 (SIGQUIT) received, shutting down
2025/04/13 21:14:12 [notice] 28#28: gracefully shutting down
2025/04/13 21:14:12 [notice] 28#28: exiting
2025/04/13 21:14:12 [notice] 28#28: exit
2025/04/13 21:14:12 [notice] 29#29: gracefully shutting down
2025/04/13 21:14:12 [notice] 30#30: gracefully shutting down
2025/04/13 21:14:12 [notice] 30#30: exiting
2025/04/13 21:14:12 [notice] 30#30: exit
2025/04/13 21:14:12 [notice] 31#31: gracefully shutting down
2025/04/13 21:14:12 [notice] 31#31: exiting
2025/04/13 21:14:12 [notice] 31#31: exit
2025/04/13 21:14:12 [notice] 1#1: signal 17 (SIGCHLD) received from 28
2025/04/13 21:14:12 [notice] 1#1: worker process 28 exited with code 0
2025/04/13 21:14:12 [notice] 1#1: worker process 31 exited with code 0
2025/04/13 21:14:12 [notice] 1#1: signal 29 (SIGIO) received
2025/04/13 21:14:12 [notice] 1#1: signal 17 (SIGCHLD) received from 30
2025/04/13 21:14:12 [notice] 1#1: worker process 30 exited with code 0
2025/04/13 21:14:12 [notice] 1#1: signal 29 (SIGIO) received
2025/04/13 21:14:12 [notice] 29#29: exiting
2025/04/13 21:14:12 [notice] 29#29: exit
2025/04/13 21:14:12 [notice] 1#1: signal 17 (SIGCHLD) received from 29
2025/04/13 21:14:12 [notice] 1#1: worker process 29 exited with code 0
2025/04/13 21:14:12 [notice] 1#1: exit
2025/04/13 21:14:12 [notice] 1#1: using the "epoll" event method
2025/04/13 21:14:12 [notice] 1#1: nginx/1.27.4
2025/04/13 21:14:12 [notice] 1#1: built by gcc 12.2.0 (Debian 12.2.0-14) 
2025/04/13 21:14:12 [notice] 1#1: OS: Linux 6.8.0-57-generic
2025/04/13 21:14:12 [notice] 1#1: getrlimit(RLIMIT_NOFILE): 1048576:1048576
2025/04/13 21:14:12 [notice] 1#1: start worker processes
2025/04/13 21:14:12 [notice] 1#1: start worker process 28
2025/04/13 21:14:12 [notice] 1#1: start worker process 29
2025/04/13 21:14:12 [notice] 1#1: start worker process 30
2025/04/13 21:14:12 [notice] 1#1: start worker process 31
2025/04/13 21:14:23 [notice] 1#1: signal 3 (SIGQUIT) received, shutting down
2025/04/13 21:14:23 [notice] 28#28: gracefully shutting down
2025/04/13 21:14:23 [notice] 29#29: gracefully shutting down
2025/04/13 21:14:23 [notice] 28#28: exiting
2025/04/13 21:14:23 [notice] 29#29: exiting
2025/04/13 21:14:23 [notice] 29#29: exit
2025/04/13 21:14:23 [notice] 28#28: exit
2025/04/13 21:14:23 [notice] 31#31: gracefully shutting down
2025/04/13 21:14:23 [notice] 31#31: exiting
2025/04/13 21:14:23 [notice] 31#31: exit
2025/04/13 21:14:23 [notice] 30#30: gracefully shutting down
2025/04/13 21:14:23 [notice] 30#30: exiting
2025/04/13 21:14:23 [notice] 30#30: exit
2025/04/13 21:14:23 [notice] 1#1: signal 17 (SIGCHLD) received from 29
2025/04/13 21:14:23 [notice] 1#1: worker process 29 exited with code 0
2025/04/13 21:14:23 [notice] 1#1: signal 29 (SIGIO) received
2025/04/13 21:14:23 [notice] 1#1: signal 17 (SIGCHLD) received from 31
2025/04/13 21:14:23 [notice] 1#1: worker process 31 exited with code 0
2025/04/13 21:14:23 [notice] 1#1: signal 29 (SIGIO) received
2025/04/13 21:14:23 [notice] 1#1: signal 17 (SIGCHLD) received from 30
2025/04/13 21:14:23 [notice] 1#1: worker process 30 exited with code 0
2025/04/13 21:14:23 [notice] 1#1: signal 29 (SIGIO) received
2025/04/13 21:14:23 [notice] 1#1: signal 17 (SIGCHLD) received from 28
2025/04/13 21:14:23 [notice] 1#1: worker process 28 exited with code 0
2025/04/13 21:14:23 [notice] 1#1: exit
2025/04/13 21:14:24 [notice] 1#1: using the "epoll" event method
2025/04/13 21:14:24 [notice] 1#1: nginx/1.27.4
2025/04/13 21:14:24 [notice] 1#1: built by gcc 12.2.0 (Debian 12.2.0-14) 
2025/04/13 21:14:24 [notice] 1#1: OS: Linux 6.8.0-57-generic
2025/04/13 21:14:24 [notice] 1#1: getrlimit(RLIMIT_NOFILE): 1048576:1048576
2025/04/13 21:14:24 [notice] 1#1: start worker processes
2025/04/13 21:14:24 [notice] 1#1: start worker process 28
2025/04/13 21:14:24 [notice] 1#1: start worker process 29
2025/04/13 21:14:24 [notice] 1#1: start worker process 30
2025/04/13 21:14:24 [notice] 1#1: start worker process 31
2025/04/13 21:14:28 [warn] 28#28: *1 an upstream response is buffered to a temporary file /var/cache/nginx/fastcgi_temp/1/00/0000000001 while reading upstream, client: 172.20.0.1, server: , request: "GET / HTTP/1.1", upstream: "fastcgi://172.20.0.3:9000", host: "localhost:8080"
2025/04/14 12:13:08 [notice] 1#1: using the "epoll" event method
2025/04/14 12:13:08 [notice] 1#1: nginx/1.27.4
2025/04/14 12:13:08 [notice] 1#1: built by gcc 12.2.0 (Debian 12.2.0-14) 
2025/04/14 12:13:08 [notice] 1#1: OS: Linux 6.8.0-57-generic
2025/04/14 12:13:08 [notice] 1#1: getrlimit(RLIMIT_NOFILE): 1048576:1048576
2025/04/14 12:13:08 [notice] 1#1: start worker processes
2025/04/14 12:13:08 [notice] 1#1: start worker process 28
2025/04/14 12:13:08 [notice] 1#1: start worker process 29
2025/04/14 12:13:08 [notice] 1#1: start worker process 30
2025/04/14 12:13:08 [notice] 1#1: start worker process 31
2025/04/14 12:13:22 [notice] 1#1: signal 3 (SIGQUIT) received, shutting down
2025/04/14 12:13:22 [notice] 29#29: gracefully shutting down
2025/04/14 12:13:22 [notice] 28#28: gracefully shutting down
2025/04/14 12:13:22 [notice] 28#28: exiting
2025/04/14 12:13:22 [notice] 29#29: exiting
2025/04/14 12:13:22 [notice] 28#28: exit
2025/04/14 12:13:22 [notice] 29#29: exit
2025/04/14 12:13:22 [notice] 30#30: gracefully shutting down
2025/04/14 12:13:22 [notice] 30#30: exiting
2025/04/14 12:13:22 [notice] 30#30: exit
2025/04/14 12:13:22 [notice] 31#31: gracefully shutting down
2025/04/14 12:13:22 [notice] 1#1: signal 17 (SIGCHLD) received from 28
2025/04/14 12:13:22 [notice] 1#1: worker process 28 exited with code 0
2025/04/14 12:13:22 [notice] 1#1: signal 29 (SIGIO) received
2025/04/14 12:13:22 [notice] 1#1: signal 17 (SIGCHLD) received from 30
2025/04/14 12:13:22 [notice] 1#1: worker process 30 exited with code 0
2025/04/14 12:13:22 [notice] 1#1: signal 29 (SIGIO) received
2025/04/14 12:13:22 [notice] 1#1: signal 17 (SIGCHLD) received from 29
2025/04/14 12:13:22 [notice] 1#1: worker process 29 exited with code 0
2025/04/14 12:13:22 [notice] 1#1: signal 29 (SIGIO) received
2025/04/14 12:13:40 [notice] 1#1: using the "epoll" event method
2025/04/14 12:13:40 [notice] 1#1: nginx/1.27.4
2025/04/14 12:13:40 [notice] 1#1: built by gcc 12.2.0 (Debian 12.2.0-14) 
2025/04/14 12:13:40 [notice] 1#1: OS: Linux 6.8.0-57-generic
2025/04/14 12:13:40 [notice] 1#1: getrlimit(RLIMIT_NOFILE): 1048576:1048576
2025/04/14 12:13:40 [notice] 1#1: start worker processes
2025/04/14 12:13:40 [notice] 1#1: start worker process 28
2025/04/14 12:13:40 [notice] 1#1: start worker process 29
2025/04/14 12:13:40 [notice] 1#1: start worker process 30
2025/04/14 12:13:40 [notice] 1#1: start worker process 31
2025/04/14 12:55:14 [notice] 1#1: signal 3 (SIGQUIT) received, shutting down
2025/04/14 12:55:14 [notice] 28#28: gracefully shutting down
2025/04/14 12:55:14 [notice] 30#30: gracefully shutting down
2025/04/14 12:55:14 [notice] 28#28: exiting
2025/04/14 12:55:14 [notice] 30#30: exiting
2025/04/14 12:55:14 [notice] 30#30: exit
2025/04/14 12:55:14 [notice] 28#28: exit
2025/04/14 12:55:14 [notice] 29#29: gracefully shutting down
2025/04/14 12:55:14 [notice] 29#29: exiting
2025/04/14 12:55:14 [notice] 29#29: exit
2025/04/14 12:55:14 [notice] 31#31: gracefully shutting down
2025/04/14 12:55:14 [notice] 31#31: exiting
2025/04/14 12:55:14 [notice] 31#31: exit
2025/04/14 12:55:14 [notice] 1#1: signal 17 (SIGCHLD) received from 30
2025/04/14 12:55:14 [notice] 1#1: worker process 30 exited with code 0
2025/04/14 12:55:14 [notice] 1#1: signal 29 (SIGIO) received
2025/04/14 12:55:14 [notice] 1#1: signal 17 (SIGCHLD) received from 28
2025/04/14 12:55:14 [notice] 1#1: worker process 28 exited with code 0
2025/04/14 12:55:14 [notice] 1#1: signal 29 (SIGIO) received
2025/04/14 12:55:14 [notice] 1#1: signal 17 (SIGCHLD) received from 29
2025/04/14 12:55:14 [notice] 1#1: worker process 29 exited with code 0
2025/04/14 12:55:14 [notice] 1#1: signal 29 (SIGIO) received
2025/04/14 12:55:14 [notice] 1#1: signal 17 (SIGCHLD) received from 31
2025/04/14 12:55:14 [notice] 1#1: worker process 31 exited with code 0
2025/04/14 12:55:14 [notice] 1#1: exit
2025/04/14 12:55:29 [notice] 1#1: using the "epoll" event method
2025/04/14 12:55:29 [notice] 1#1: nginx/1.27.4
2025/04/14 12:55:29 [notice] 1#1: built by gcc 12.2.0 (Debian 12.2.0-14) 
2025/04/14 12:55:29 [notice] 1#1: OS: Linux 6.8.0-57-generic
2025/04/14 12:55:29 [notice] 1#1: getrlimit(RLIMIT_NOFILE): 1048576:1048576
2025/04/14 12:55:29 [notice] 1#1: start worker processes
2025/04/14 12:55:29 [notice] 1#1: start worker process 27
2025/04/14 12:55:29 [notice] 1#1: start worker process 28
2025/04/14 12:55:29 [notice] 1#1: start worker process 29
2025/04/14 12:55:29 [notice] 1#1: start worker process 30
2025/04/14 12:55:30 [notice] 1#1: signal 3 (SIGQUIT) received, shutting down
2025/04/14 12:55:30 [notice] 27#27: gracefully shutting down
2025/04/14 12:55:30 [notice] 27#27: exiting
2025/04/14 12:55:30 [notice] 27#27: exit
2025/04/14 12:55:30 [notice] 28#28: gracefully shutting down
2025/04/14 12:55:30 [notice] 28#28: exiting
2025/04/14 12:55:30 [notice] 28#28: exit
2025/04/14 12:55:30 [notice] 29#29: gracefully shutting down
2025/04/14 12:55:30 [notice] 29#29: exiting
2025/04/14 12:55:30 [notice] 30#30: gracefully shutting down
2025/04/14 12:55:30 [notice] 30#30: exiting
2025/04/14 12:55:30 [notice] 29#29: exit
2025/04/14 12:55:30 [notice] 30#30: exit
2025/04/14 12:55:30 [notice] 1#1: signal 17 (SIGCHLD) received from 28
2025/04/14 12:55:30 [notice] 1#1: worker process 27 exited with code 0
2025/04/14 12:55:30 [notice] 1#1: worker process 28 exited with code 0
2025/04/14 12:55:30 [notice] 1#1: signal 29 (SIGIO) received
2025/04/14 12:55:30 [notice] 1#1: signal 17 (SIGCHLD) received from 27
2025/04/14 12:55:30 [notice] 1#1: signal 17 (SIGCHLD) received from 30
2025/04/14 12:55:30 [notice] 1#1: worker process 30 exited with code 0
2025/04/14 12:55:30 [notice] 1#1: signal 29 (SIGIO) received
2025/04/14 12:55:30 [notice] 1#1: signal 17 (SIGCHLD) received from 29
2025/04/14 12:55:30 [notice] 1#1: worker process 29 exited with code 0
2025/04/14 12:55:30 [notice] 1#1: exit
2025/04/14 12:55:35 [notice] 1#1: using the "epoll" event method
2025/04/14 12:55:35 [notice] 1#1: nginx/1.27.4
2025/04/14 12:55:35 [notice] 1#1: built by gcc 12.2.0 (Debian 12.2.0-14) 
2025/04/14 12:55:35 [notice] 1#1: OS: Linux 6.8.0-57-generic
2025/04/14 12:55:35 [notice] 1#1: getrlimit(RLIMIT_NOFILE): 1048576:1048576
2025/04/14 12:55:35 [notice] 1#1: start worker processes
2025/04/14 12:55:35 [notice] 1#1: start worker process 28
2025/04/14 12:55:35 [notice] 1#1: start worker process 29
2025/04/14 12:55:35 [notice] 1#1: start worker process 30
2025/04/14 12:55:35 [notice] 1#1: start worker process 31
2025/04/14 18:51:46 [notice] 1#1: signal 3 (SIGQUIT) received, shutting down
2025/04/14 18:51:46 [notice] 28#28: gracefully shutting down
2025/04/14 18:51:46 [notice] 29#29: gracefully shutting down
2025/04/14 18:51:46 [notice] 28#28: exiting
2025/04/14 18:51:46 [notice] 29#29: exiting
2025/04/14 18:51:46 [notice] 29#29: exit
2025/04/14 18:51:46 [notice] 28#28: exit
2025/04/14 18:51:46 [notice] 30#30: gracefully shutting down
2025/04/14 18:51:46 [notice] 30#30: exiting
2025/04/14 18:51:46 [notice] 30#30: exit
2025/04/14 18:51:46 [notice] 31#31: gracefully shutting down
2025/04/14 18:51:46 [notice] 31#31: exiting
2025/04/14 18:51:46 [notice] 31#31: exit
2025/04/14 18:51:46 [notice] 1#1: signal 17 (SIGCHLD) received from 29
2025/04/14 18:51:46 [notice] 1#1: worker process 29 exited with code 0
2025/04/14 18:51:46 [notice] 1#1: worker process 31 exited with code 0
2025/04/14 18:51:46 [notice] 1#1: signal 29 (SIGIO) received
2025/04/14 18:51:46 [notice] 1#1: signal 17 (SIGCHLD) received from 30
2025/04/14 18:51:46 [notice] 1#1: worker process 30 exited with code 0
2025/04/14 18:51:46 [notice] 1#1: signal 29 (SIGIO) received
2025/04/14 18:51:46 [notice] 1#1: signal 17 (SIGCHLD) received from 28
2025/04/14 18:51:46 [notice] 1#1: worker process 28 exited with code 0
2025/04/14 18:51:46 [notice] 1#1: exit
2025/04/15 02:38:37 [notice] 1#1: using the "epoll" event method
2025/04/15 02:38:37 [notice] 1#1: nginx/1.27.4
2025/04/15 02:38:37 [notice] 1#1: built by gcc 12.2.0 (Debian 12.2.0-14) 
2025/04/15 02:38:37 [notice] 1#1: OS: Linux 6.8.0-57-generic
2025/04/15 02:38:37 [notice] 1#1: getrlimit(RLIMIT_NOFILE): 1048576:1048576
2025/04/15 02:38:37 [notice] 1#1: start worker processes
2025/04/15 02:38:37 [notice] 1#1: start worker process 27
2025/04/15 02:38:37 [notice] 1#1: start worker process 28
2025/04/15 02:38:37 [notice] 1#1: start worker process 29
2025/04/15 02:38:37 [notice] 1#1: start worker process 30
2025/04/15 04:03:12 [notice] 1#1: signal 3 (SIGQUIT) received, shutting down
2025/04/15 04:03:12 [notice] 27#27: gracefully shutting down
2025/04/15 04:03:12 [notice] 29#29: gracefully shutting down
2025/04/15 04:03:12 [notice] 28#28: gracefully shutting down
2025/04/15 04:03:12 [notice] 30#30: gracefully shutting down
2025/04/15 04:03:12 [notice] 27#27: exiting
2025/04/15 04:03:12 [notice] 29#29: exiting
2025/04/15 04:03:12 [notice] 28#28: exiting
2025/04/15 04:03:12 [notice] 30#30: exiting
2025/04/15 04:03:12 [notice] 27#27: exit
2025/04/15 04:03:12 [notice] 29#29: exit
2025/04/15 04:03:12 [notice] 28#28: exit
2025/04/15 04:03:12 [notice] 30#30: exit
2025/04/15 04:03:12 [notice] 1#1: signal 17 (SIGCHLD) received from 28
2025/04/15 04:03:12 [notice] 1#1: worker process 27 exited with code 0
2025/04/15 04:03:12 [notice] 1#1: worker process 28 exited with code 0
2025/04/15 04:03:12 [notice] 1#1: signal 29 (SIGIO) received
2025/04/15 04:03:12 [notice] 1#1: signal 17 (SIGCHLD) received from 27
2025/04/15 04:03:12 [notice] 1#1: signal 17 (SIGCHLD) received from 29
2025/04/15 04:03:12 [notice] 1#1: worker process 29 exited with code 0
2025/04/15 04:03:12 [notice] 1#1: signal 29 (SIGIO) received
2025/04/15 04:03:12 [notice] 1#1: signal 17 (SIGCHLD) received from 30
2025/04/15 04:03:12 [notice] 1#1: worker process 30 exited with code 0
2025/04/15 04:03:12 [notice] 1#1: exit
2025/04/15 07:01:21 [notice] 1#1: using the "epoll" event method
2025/04/15 07:01:21 [notice] 1#1: nginx/1.27.4
2025/04/15 07:01:21 [notice] 1#1: built by gcc 12.2.0 (Debian 12.2.0-14) 
2025/04/15 07:01:21 [notice] 1#1: OS: Linux 6.8.0-57-generic
2025/04/15 07:01:21 [notice] 1#1: getrlimit(RLIMIT_NOFILE): 1048576:1048576
2025/04/15 07:01:21 [notice] 1#1: start worker processes
2025/04/15 07:01:21 [notice] 1#1: start worker process 28
2025/04/15 07:01:21 [notice] 1#1: start worker process 29
2025/04/15 07:01:21 [notice] 1#1: start worker process 30
2025/04/15 07:01:21 [notice] 1#1: start worker process 31
